<?xml version="1.0" encoding="UTF-8"?>
<!-- Generated by org.testng.reporters.JUnitXMLReporter -->
<testsuite ignored="0" hostname="LAPTOP-81H605QD" failures="0" tests="5" name="Default test" time="113.223" errors="0" timestamp="2024-05-11T22:42:54 IST">
  <testcase classname="Test_methods.Men_page_test" name="Tc_010" time="4.629"/>
  <testcase classname="Test_methods.Men_page_test" name="Tc_011" time="7.395"/>
  <testcase classname="Test_methods.Men_page_test" name="Tc_012" time="6.779"/>
  <testcase classname="Test_methods.Men_page_test" name="Tc_013" time="9.335"/>
  <testcase classname="Test_methods.Men_page_test" name="Tc_014" time="16.89"/>
</testsuite> <!-- Default test -->
