<?xml version="1.0" encoding="UTF-8"?>
<testng-results ignored="0" total="5" passed="5" failed="0" skipped="0">
  <reporter-output>
  </reporter-output>
  <suite started-at="2024-05-11T22:41:01 IST" name="Default suite" finished-at="2024-05-11T22:42:54 IST" duration-ms="113223">
    <groups>
    </groups>
    <test started-at="2024-05-11T22:41:01 IST" name="Default test" finished-at="2024-05-11T22:42:54 IST" duration-ms="113223">
      <class name="Test_methods.Men_page_test">
        <test-method is-config="true" signature="beforeMethod()[pri:0, instance:Test_methods.Men_page_test@5b239d7d]" started-at="2024-05-11T22:41:01 IST" name="beforeMethod" finished-at="2024-05-11T22:41:15 IST" duration-ms="13839" status="PASS">
          <reporter-output>
          </reporter-output>
        </test-method> <!-- beforeMethod -->
        <test-method signature="Tc_010()[pri:0, instance:Test_methods.Men_page_test@5b239d7d]" started-at="2024-05-11T22:41:15 IST" name="Tc_010" finished-at="2024-05-11T22:41:20 IST" duration-ms="4629" status="PASS">
          <reporter-output>
          </reporter-output>
        </test-method> <!-- Tc_010 -->
        <test-method is-config="true" signature="afterMethod()[pri:0, instance:Test_methods.Men_page_test@5b239d7d]" started-at="2024-05-11T22:41:20 IST" name="afterMethod" finished-at="2024-05-11T22:41:20 IST" duration-ms="262" status="PASS">
          <reporter-output>
          </reporter-output>
        </test-method> <!-- afterMethod -->
        <test-method is-config="true" signature="beforeMethod()[pri:0, instance:Test_methods.Men_page_test@5b239d7d]" started-at="2024-05-11T22:41:20 IST" name="beforeMethod" finished-at="2024-05-11T22:41:28 IST" duration-ms="8255" status="PASS">
          <reporter-output>
          </reporter-output>
        </test-method> <!-- beforeMethod -->
        <test-method signature="Tc_011()[pri:0, instance:Test_methods.Men_page_test@5b239d7d]" started-at="2024-05-11T22:41:28 IST" name="Tc_011" finished-at="2024-05-11T22:41:36 IST" duration-ms="7395" status="PASS">
          <reporter-output>
          </reporter-output>
        </test-method> <!-- Tc_011 -->
        <test-method is-config="true" signature="afterMethod()[pri:0, instance:Test_methods.Men_page_test@5b239d7d]" started-at="2024-05-11T22:41:36 IST" name="afterMethod" finished-at="2024-05-11T22:41:36 IST" duration-ms="264" status="PASS">
          <reporter-output>
          </reporter-output>
        </test-method> <!-- afterMethod -->
        <test-method is-config="true" signature="beforeMethod()[pri:0, instance:Test_methods.Men_page_test@5b239d7d]" started-at="2024-05-11T22:41:36 IST" name="beforeMethod" finished-at="2024-05-11T22:41:45 IST" duration-ms="9369" status="PASS">
          <reporter-output>
          </reporter-output>
        </test-method> <!-- beforeMethod -->
        <test-method signature="Tc_012()[pri:0, instance:Test_methods.Men_page_test@5b239d7d]" started-at="2024-05-11T22:41:45 IST" name="Tc_012" finished-at="2024-05-11T22:41:52 IST" duration-ms="6779" status="PASS">
          <reporter-output>
          </reporter-output>
        </test-method> <!-- Tc_012 -->
        <test-method is-config="true" signature="afterMethod()[pri:0, instance:Test_methods.Men_page_test@5b239d7d]" started-at="2024-05-11T22:41:52 IST" name="afterMethod" finished-at="2024-05-11T22:41:52 IST" duration-ms="307" status="PASS">
          <reporter-output>
          </reporter-output>
        </test-method> <!-- afterMethod -->
        <test-method is-config="true" signature="beforeMethod()[pri:0, instance:Test_methods.Men_page_test@5b239d7d]" started-at="2024-05-11T22:41:52 IST" name="beforeMethod" finished-at="2024-05-11T22:42:20 IST" duration-ms="27938" status="PASS">
          <reporter-output>
          </reporter-output>
        </test-method> <!-- beforeMethod -->
        <test-method signature="Tc_013()[pri:0, instance:Test_methods.Men_page_test@5b239d7d]" started-at="2024-05-11T22:42:20 IST" name="Tc_013" finished-at="2024-05-11T22:42:30 IST" duration-ms="9335" status="PASS">
          <reporter-output>
          </reporter-output>
        </test-method> <!-- Tc_013 -->
        <test-method is-config="true" signature="afterMethod()[pri:0, instance:Test_methods.Men_page_test@5b239d7d]" started-at="2024-05-11T22:42:30 IST" name="afterMethod" finished-at="2024-05-11T22:42:30 IST" duration-ms="229" status="PASS">
          <reporter-output>
          </reporter-output>
        </test-method> <!-- afterMethod -->
        <test-method is-config="true" signature="beforeMethod()[pri:0, instance:Test_methods.Men_page_test@5b239d7d]" started-at="2024-05-11T22:42:30 IST" name="beforeMethod" finished-at="2024-05-11T22:42:37 IST" duration-ms="7381" status="PASS">
          <reporter-output>
          </reporter-output>
        </test-method> <!-- beforeMethod -->
        <test-method signature="Tc_014()[pri:0, instance:Test_methods.Men_page_test@5b239d7d]" started-at="2024-05-11T22:42:37 IST" name="Tc_014" finished-at="2024-05-11T22:42:54 IST" duration-ms="16890" status="PASS">
          <reporter-output>
          </reporter-output>
        </test-method> <!-- Tc_014 -->
        <test-method is-config="true" signature="afterMethod()[pri:0, instance:Test_methods.Men_page_test@5b239d7d]" started-at="2024-05-11T22:42:54 IST" name="afterMethod" finished-at="2024-05-11T22:42:54 IST" duration-ms="280" status="PASS">
          <reporter-output>
          </reporter-output>
        </test-method> <!-- afterMethod -->
      </class> <!-- Test_methods.Men_page_test -->
    </test> <!-- Default test -->
  </suite> <!-- Default suite -->
</testng-results>
